\BOOKMARK [0][-]{chapter*.1}{\376\377\000I\000n\000t\000r\000o\000d\000u\000c\000t\000i\000o\000n\000\040\000G\000\351\000n\000\351\000r\000a\000l\000e}{}% 1
\BOOKMARK [1][-]{section*.2}{\376\377\000C\000o\000n\000t\000e\000x\000t\000e\000\040\000d\000u\000\040\000p\000r\000o\000j\000e\000t}{chapter*.1}% 2
\BOOKMARK [1][-]{section*.2}{\376\377\000P\000r\000o\000b\000l\000\351\000m\000a\000t\000i\000q\000u\000e}{chapter*.1}% 3
\BOOKMARK [1][-]{section*.2}{\376\377\000O\000b\000j\000e\000c\000t\000i\000f\000s\000\040\000d\000u\000\040\000p\000r\000o\000j\000e\000t}{chapter*.1}% 4
\BOOKMARK [1][-]{Item.6}{\376\377\000M\000\351\000t\000h\000o\000d\000o\000l\000o\000g\000i\000e\000\040\000a\000d\000o\000p\000t\000\351\000e}{chapter*.1}% 5
\BOOKMARK [1][-]{Item.11}{\376\377\000O\000r\000g\000a\000n\000i\000s\000a\000t\000i\000o\000n\000\040\000d\000u\000\040\000r\000a\000p\000p\000o\000r\000t}{chapter*.1}% 6
\BOOKMARK [0][-]{chapter.1}{\376\377\000P\000r\000\351\000s\000e\000n\000t\000a\000t\000i\000o\000n\000\040\000G\000\351\000n\000\351\000r\000a\000l\000e\000\040\000d\000u\000\040\000P\000r\000o\000j\000e\000t}{}% 7
\BOOKMARK [1][-]{section.1.1}{\376\377\000I\000n\000t\000r\000o\000d\000u\000c\000t\000i\000o\000n}{chapter.1}% 8
\BOOKMARK [1][-]{section.1.2}{\376\377\000P\000r\000\351\000s\000e\000n\000t\000a\000t\000i\000o\000n\000\040\000d\000e\000\040\000l\000'\000a\000r\000c\000h\000i\000t\000e\000c\000t\000u\000r\000e\000\040\000m\000i\000c\000r\000o\000s\000e\000r\000v\000i\000c\000e\000s}{chapter.1}% 9
\BOOKMARK [2][-]{subsection.1.2.1}{\376\377\000D\000\351\000f\000i\000n\000i\000t\000i\000o\000n\000\040\000e\000t\000\040\000p\000r\000i\000n\000c\000i\000p\000e\000s}{section.1.2}% 10
\BOOKMARK [2][-]{subsection.1.2.2}{\376\377\000A\000v\000a\000n\000t\000a\000g\000e\000s\000\040\000d\000e\000\040\000l\000'\000a\000r\000c\000h\000i\000t\000e\000c\000t\000u\000r\000e\000\040\000m\000i\000c\000r\000o\000s\000e\000r\000v\000i\000c\000e\000s}{section.1.2}% 11
\BOOKMARK [2][-]{subsection.1.2.3}{\376\377\000D\000\351\000f\000i\000s\000\040\000e\000t\000\040\000s\000o\000l\000u\000t\000i\000o\000n\000s}{section.1.2}% 12
\BOOKMARK [1][-]{section.1.3}{\376\377\000T\000e\000c\000h\000n\000o\000l\000o\000g\000i\000e\000s\000\040\000u\000t\000i\000l\000i\000s\000\351\000e\000s}{chapter.1}% 13
\BOOKMARK [2][-]{subsection.1.3.1}{\376\377\000B\000a\000c\000k\000e\000n\000d\000\040\000-\000\040\000\311\000c\000o\000s\000y\000s\000t\000\350\000m\000e\000\040\000S\000p\000r\000i\000n\000g}{section.1.3}% 14
\BOOKMARK [2][-]{subsection.1.3.2}{\376\377\000F\000r\000o\000n\000t\000e\000n\000d\000\040\000-\000\040\000R\000e\000a\000c\000t}{section.1.3}% 15
\BOOKMARK [2][-]{subsection.1.3.3}{\376\377\000B\000a\000s\000e\000\040\000d\000e\000\040\000d\000o\000n\000n\000\351\000e\000s}{section.1.3}% 16
\BOOKMARK [2][-]{subsection.1.3.4}{\376\377\000M\000o\000n\000i\000t\000o\000r\000i\000n\000g\000\040\000e\000t\000\040\000o\000b\000s\000e\000r\000v\000a\000b\000i\000l\000i\000t\000\351}{section.1.3}% 17
\BOOKMARK [2][-]{subsection.1.3.5}{\376\377\000C\000o\000n\000t\000a\000i\000n\000e\000r\000i\000s\000a\000t\000i\000o\000n\000\040\000e\000t\000\040\000d\000\351\000p\000l\000o\000i\000e\000m\000e\000n\000t}{section.1.3}% 18
\BOOKMARK [2][-]{subsection.1.3.6}{\376\377\000O\000u\000t\000i\000l\000s\000\040\000d\000e\000\040\000d\000\351\000v\000e\000l\000o\000p\000p\000e\000m\000e\000n\000t}{section.1.3}% 19
\BOOKMARK [1][-]{section.1.4}{\376\377\000A\000r\000c\000h\000i\000t\000e\000c\000t\000u\000r\000e\000\040\000g\000l\000o\000b\000a\000l\000e\000\040\000d\000u\000\040\000s\000y\000s\000t\000\350\000m\000e}{chapter.1}% 20
\BOOKMARK [2][-]{subsection.1.4.1}{\376\377\000V\000u\000e\000\040\000d\000'\000e\000n\000s\000e\000m\000b\000l\000e}{section.1.4}% 21
\BOOKMARK [2][-]{subsection.1.4.2}{\376\377\000C\000o\000m\000p\000o\000s\000a\000n\000t\000s\000\040\000d\000e\000\040\000l\000'\000a\000r\000c\000h\000i\000t\000e\000c\000t\000u\000r\000e}{section.1.4}% 22
\BOOKMARK [2][-]{subsection.1.4.3}{\376\377\000F\000l\000u\000x\000\040\000d\000e\000\040\000c\000o\000m\000m\000u\000n\000i\000c\000a\000t\000i\000o\000n}{section.1.4}% 23
\BOOKMARK [2][-]{subsection.1.4.4}{\376\377\000S\000c\000h\000\351\000m\000a\000\040\000d\000'\000a\000r\000c\000h\000i\000t\000e\000c\000t\000u\000r\000e}{section.1.4}% 24
\BOOKMARK [1][-]{section.1.5}{\376\377\000C\000o\000n\000c\000l\000u\000s\000i\000o\000n}{chapter.1}% 25
\BOOKMARK [0][-]{chapter.2}{\376\377\000A\000n\000a\000l\000y\000s\000e\000\040\000e\000t\000\040\000S\000p\000\351\000c\000i\000f\000i\000c\000a\000t\000i\000o\000n\000\040\000d\000e\000s\000\040\000B\000e\000s\000o\000i\000n\000s}{}% 26
\BOOKMARK [1][-]{section.2.1}{\376\377\000I\000n\000t\000r\000o\000d\000u\000c\000t\000i\000o\000n}{chapter.2}% 27
\BOOKMARK [1][-]{section.2.2}{\376\377\000I\000d\000e\000n\000t\000i\000f\000i\000c\000a\000t\000i\000o\000n\000\040\000d\000e\000s\000\040\000a\000c\000t\000e\000u\000r\000s}{chapter.2}% 28
\BOOKMARK [2][-]{subsection.2.2.1}{\376\377\000U\000t\000i\000l\000i\000s\000a\000t\000e\000u\000r\000\040\000n\000o\000n\000\040\000a\000u\000t\000h\000e\000n\000t\000i\000f\000i\000\351\000\040\000\050\000V\000i\000s\000i\000t\000e\000u\000r\000\051}{section.2.2}% 29
\BOOKMARK [2][-]{subsection.2.2.2}{\376\377\000U\000t\000i\000l\000i\000s\000a\000t\000e\000u\000r\000\040\000a\000u\000t\000h\000e\000n\000t\000i\000f\000i\000\351\000\040\000\050\000C\000l\000i\000e\000n\000t\000\051}{section.2.2}% 30
\BOOKMARK [2][-]{subsection.2.2.3}{\376\377\000A\000d\000m\000i\000n\000i\000s\000t\000r\000a\000t\000e\000u\000r}{section.2.2}% 31
\BOOKMARK [1][-]{section.2.3}{\376\377\000B\000e\000s\000o\000i\000n\000s\000\040\000f\000o\000n\000c\000t\000i\000o\000n\000n\000e\000l\000s}{chapter.2}% 32
\BOOKMARK [2][-]{subsection.2.3.1}{\376\377\000M\000o\000d\000u\000l\000e\000\040\000d\000'\000a\000u\000t\000h\000e\000n\000t\000i\000f\000i\000c\000a\000t\000i\000o\000n\000\040\000e\000t\000\040\000g\000e\000s\000t\000i\000o\000n\000\040\000d\000e\000s\000\040\000u\000t\000i\000l\000i\000s\000a\000t\000e\000u\000r\000s}{section.2.3}% 33
\BOOKMARK [2][-]{subsection.2.3.2}{\376\377\000M\000o\000d\000u\000l\000e\000\040\000d\000e\000\040\000g\000e\000s\000t\000i\000o\000n\000\040\000d\000e\000s\000\040\000p\000r\000o\000d\000u\000i\000t\000s}{section.2.3}% 34
\BOOKMARK [2][-]{subsection.2.3.3}{\376\377\000M\000o\000d\000u\000l\000e\000\040\000d\000e\000\040\000g\000e\000s\000t\000i\000o\000n\000\040\000d\000u\000\040\000p\000a\000n\000i\000e\000r\000\040\000e\000t\000\040\000d\000e\000s\000\040\000c\000o\000m\000m\000a\000n\000d\000e\000s}{section.2.3}% 35
\BOOKMARK [1][-]{section.2.4}{\376\377\000B\000e\000s\000o\000i\000n\000s\000\040\000n\000o\000n\000\040\000f\000o\000n\000c\000t\000i\000o\000n\000n\000e\000l\000s}{chapter.2}% 36
\BOOKMARK [2][-]{subsection.2.4.1}{\376\377\000P\000e\000r\000f\000o\000r\000m\000a\000n\000c\000e}{section.2.4}% 37
\BOOKMARK [2][-]{subsection.2.4.2}{\376\377\000S\000\351\000c\000u\000r\000i\000t\000\351}{section.2.4}% 38
\BOOKMARK [2][-]{subsection.2.4.3}{\376\377\000D\000i\000s\000p\000o\000n\000i\000b\000i\000l\000i\000t\000\351\000\040\000e\000t\000\040\000f\000i\000a\000b\000i\000l\000i\000t\000\351}{section.2.4}% 39
\BOOKMARK [2][-]{subsection.2.4.4}{\376\377\000S\000c\000a\000l\000a\000b\000i\000l\000i\000t\000\351}{section.2.4}% 40
\BOOKMARK [2][-]{subsection.2.4.5}{\376\377\000M\000a\000i\000n\000t\000e\000n\000a\000b\000i\000l\000i\000t\000\351}{section.2.4}% 41
\BOOKMARK [2][-]{subsection.2.4.6}{\376\377\000O\000b\000s\000e\000r\000v\000a\000b\000i\000l\000i\000t\000\351}{section.2.4}% 42
\BOOKMARK [2][-]{subsection.2.4.7}{\376\377\000P\000o\000r\000t\000a\000b\000i\000l\000i\000t\000\351}{section.2.4}% 43
\BOOKMARK [1][-]{section.2.5}{\376\377\000C\000a\000s\000\040\000d\000'\000u\000t\000i\000l\000i\000s\000a\000t\000i\000o\000n}{chapter.2}% 44
\BOOKMARK [2][-]{subsection.2.5.1}{\376\377\000D\000i\000a\000g\000r\000a\000m\000m\000e\000\040\000d\000e\000\040\000c\000a\000s\000\040\000d\000'\000u\000t\000i\000l\000i\000s\000a\000t\000i\000o\000n\000\040\000g\000l\000o\000b\000a\000l}{section.2.5}% 45
\BOOKMARK [2][-]{subsection.2.5.2}{\376\377\000D\000e\000s\000c\000r\000i\000p\000t\000i\000o\000n\000\040\000d\000\351\000t\000a\000i\000l\000l\000\351\000e\000\040\000d\000e\000s\000\040\000c\000a\000s\000\040\000d\000'\000u\000t\000i\000l\000i\000s\000a\000t\000i\000o\000n\000\040\000p\000r\000i\000n\000c\000i\000p\000a\000u\000x}{section.2.5}% 46
\BOOKMARK [1][-]{section.2.6}{\376\377\000C\000o\000n\000c\000l\000u\000s\000i\000o\000n}{chapter.2}% 47
\BOOKMARK [0][-]{chapter.3}{\376\377\000C\000o\000n\000c\000e\000p\000t\000i\000o\000n}{}% 48
\BOOKMARK [1][-]{section.3.1}{\376\377\000I\000n\000t\000r\000o\000d\000u\000c\000t\000i\000o\000n}{chapter.3}% 49
\BOOKMARK [1][-]{section.3.2}{\376\377\000M\000o\000d\000\350\000l\000e\000s\000\040\000d\000e\000\040\000d\000o\000n\000n\000\351\000e\000s}{chapter.3}% 50
\BOOKMARK [2][-]{subsection.3.2.1}{\376\377\000M\000o\000d\000\350\000l\000e\000\040\000c\000o\000n\000c\000e\000p\000t\000u\000e\000l\000\040\000d\000e\000\040\000d\000o\000n\000n\000\351\000e\000s}{section.3.2}% 51
\BOOKMARK [2][-]{subsection.3.2.2}{\376\377\000M\000o\000d\000\350\000l\000e\000\040\000l\000o\000g\000i\000q\000u\000e\000\040\000d\000e\000\040\000d\000o\000n\000n\000\351\000e\000s}{section.3.2}% 52
\BOOKMARK [2][-]{subsection.3.2.3}{\376\377\000D\000i\000a\000g\000r\000a\000m\000m\000e\000\040\000d\000e\000\040\000c\000l\000a\000s\000s\000e\000s}{section.3.2}% 53
\BOOKMARK [1][-]{section.3.3}{\376\377\000A\000r\000c\000h\000i\000t\000e\000c\000t\000u\000r\000e\000\040\000d\000e\000s\000\040\000m\000i\000c\000r\000o\000s\000e\000r\000v\000i\000c\000e\000s}{chapter.3}% 54
\BOOKMARK [2][-]{subsection.3.3.1}{\376\377\000D\000\351\000c\000o\000m\000p\000o\000s\000i\000t\000i\000o\000n\000\040\000e\000n\000\040\000s\000e\000r\000v\000i\000c\000e\000s}{section.3.3}% 55
\BOOKMARK [2][-]{subsection.3.3.2}{\376\377\000C\000o\000m\000m\000u\000n\000i\000c\000a\000t\000i\000o\000n\000\040\000i\000n\000t\000e\000r\000-\000s\000e\000r\000v\000i\000c\000e\000s}{section.3.3}% 56
\BOOKMARK [2][-]{subsection.3.3.3}{\376\377\000S\000\351\000c\000u\000r\000i\000t\000\351}{section.3.3}% 57
\BOOKMARK [1][-]{section.3.4}{\376\377\000C\000o\000n\000c\000e\000p\000t\000i\000o\000n\000\040\000d\000e\000s\000\040\000A\000P\000I\000s\000\040\000R\000E\000S\000T}{chapter.3}% 58
\BOOKMARK [2][-]{subsection.3.4.1}{\376\377\000P\000r\000i\000n\000c\000i\000p\000e\000s\000\040\000R\000E\000S\000T}{section.3.4}% 59
\BOOKMARK [2][-]{subsection.3.4.2}{\376\377\000A\000P\000I\000s\000\040\000P\000r\000o\000d\000u\000c\000t\000\040\000S\000e\000r\000v\000i\000c\000e}{section.3.4}% 60
\BOOKMARK [2][-]{subsection.3.4.3}{\376\377\000A\000P\000I\000s\000\040\000O\000r\000d\000e\000r\000\040\000S\000e\000r\000v\000i\000c\000e}{section.3.4}% 61
\BOOKMARK [2][-]{subsection.3.4.4}{\376\377\000A\000P\000I\000s\000\040\000C\000l\000i\000e\000n\000t\000\040\000A\000P\000I}{section.3.4}% 62
\BOOKMARK [2][-]{subsection.3.4.5}{\376\377\000F\000o\000r\000m\000a\000t\000\040\000d\000e\000s\000\040\000r\000e\000q\000u\000\352\000t\000e\000s\000\040\000e\000t\000\040\000r\000\351\000p\000o\000n\000s\000e\000s}{section.3.4}% 63
\BOOKMARK [1][-]{section.3.5}{\376\377\000C\000o\000n\000f\000i\000g\000u\000r\000a\000t\000i\000o\000n\000\040\000e\000t\000\040\000d\000\351\000p\000l\000o\000i\000e\000m\000e\000n\000t}{chapter.3}% 64
\BOOKMARK [2][-]{subsection.3.5.1}{\376\377\000C\000o\000n\000f\000i\000g\000u\000r\000a\000t\000i\000o\000n\000\040\000c\000e\000n\000t\000r\000a\000l\000i\000s\000\351\000e}{section.3.5}% 65
\BOOKMARK [2][-]{subsection.3.5.2}{\376\377\000C\000o\000n\000t\000a\000i\000n\000e\000r\000i\000s\000a\000t\000i\000o\000n\000\040\000D\000o\000c\000k\000e\000r}{section.3.5}% 66
\BOOKMARK [2][-]{subsection.3.5.3}{\376\377\000O\000r\000c\000h\000e\000s\000t\000r\000a\000t\000i\000o\000n\000\040\000D\000o\000c\000k\000e\000r\000\040\000C\000o\000m\000p\000o\000s\000e}{section.3.5}% 67
\BOOKMARK [1][-]{section.3.6}{\376\377\000C\000o\000n\000c\000l\000u\000s\000i\000o\000n}{chapter.3}% 68
\BOOKMARK [0][-]{chapter.4}{\376\377\000R\000\351\000a\000l\000i\000s\000a\000t\000i\000o\000n\000\040\000e\000t\000\040\000T\000e\000s\000t\000s}{}% 69
\BOOKMARK [1][-]{section.4.1}{\376\377\000I\000n\000t\000r\000o\000d\000u\000c\000t\000i\000o\000n}{chapter.4}% 70
\BOOKMARK [1][-]{section.4.2}{\376\377\000E\000n\000v\000i\000r\000o\000n\000n\000e\000m\000e\000n\000t\000\040\000d\000e\000\040\000d\000\351\000v\000e\000l\000o\000p\000p\000e\000m\000e\000n\000t}{chapter.4}% 71
\BOOKMARK [2][-]{subsection.4.2.1}{\376\377\000O\000u\000t\000i\000l\000s\000\040\000e\000t\000\040\000I\000D\000E}{section.4.2}% 72
\BOOKMARK [2][-]{subsection.4.2.2}{\376\377\000S\000t\000r\000u\000c\000t\000u\000r\000e\000\040\000d\000e\000s\000\040\000p\000r\000o\000j\000e\000t\000s}{section.4.2}% 73
\BOOKMARK [1][-]{section.4.3}{\376\377\000I\000m\000p\000l\000\351\000m\000e\000n\000t\000a\000t\000i\000o\000n\000\040\000d\000e\000s\000\040\000m\000i\000c\000r\000o\000s\000e\000r\000v\000i\000c\000e\000s}{chapter.4}% 74
\BOOKMARK [2][-]{subsection.4.3.1}{\376\377\000P\000r\000o\000d\000u\000c\000t\000\040\000S\000e\000r\000v\000i\000c\000e}{section.4.3}% 75
\BOOKMARK [2][-]{subsection.4.3.2}{\376\377\000O\000r\000d\000e\000r\000\040\000S\000e\000r\000v\000i\000c\000e}{section.4.3}% 76
\BOOKMARK [2][-]{subsection.4.3.3}{\376\377\000C\000l\000i\000e\000n\000t\000\040\000A\000P\000I}{section.4.3}% 77
\BOOKMARK [2][-]{subsection.4.3.4}{\376\377\000S\000e\000r\000v\000i\000c\000e\000s\000\040\000d\000'\000i\000n\000f\000r\000a\000s\000t\000r\000u\000c\000t\000u\000r\000e}{section.4.3}% 78
\BOOKMARK [1][-]{section.4.4}{\376\377\000I\000m\000p\000l\000\351\000m\000e\000n\000t\000a\000t\000i\000o\000n\000\040\000d\000u\000\040\000f\000r\000o\000n\000t\000e\000n\000d}{chapter.4}% 79
\BOOKMARK [2][-]{subsection.4.4.1}{\376\377\000A\000r\000c\000h\000i\000t\000e\000c\000t\000u\000r\000e\000\040\000R\000e\000a\000c\000t}{section.4.4}% 80
\BOOKMARK [2][-]{subsection.4.4.2}{\376\377\000G\000e\000s\000t\000i\000o\000n\000\040\000d\000e\000\040\000l\000'\000\351\000t\000a\000t}{section.4.4}% 81
\BOOKMARK [2][-]{subsection.4.4.3}{\376\377\000R\000o\000u\000t\000a\000g\000e}{section.4.4}% 82
\BOOKMARK [1][-]{section.4.5}{\376\377\000I\000n\000t\000e\000r\000f\000a\000c\000e\000s\000\040\000u\000t\000i\000l\000i\000s\000a\000t\000e\000u\000r}{chapter.4}% 83
\BOOKMARK [2][-]{subsection.4.5.1}{\376\377\000P\000a\000g\000e\000\040\000d\000'\000i\000n\000s\000c\000r\000i\000p\000t\000i\000o\000n}{section.4.5}% 84
\BOOKMARK [2][-]{subsection.4.5.2}{\376\377\000P\000a\000g\000e\000\040\000d\000e\000\040\000c\000o\000n\000n\000e\000x\000i\000o\000n}{section.4.5}% 85
\BOOKMARK [2][-]{subsection.4.5.3}{\376\377\000P\000a\000g\000e\000\040\000d\000'\000a\000c\000c\000u\000e\000i\000l}{section.4.5}% 86
\BOOKMARK [2][-]{subsection.4.5.4}{\376\377\000C\000a\000t\000a\000l\000o\000g\000u\000e\000\040\000d\000e\000\040\000p\000r\000o\000d\000u\000i\000t\000s}{section.4.5}% 87
\BOOKMARK [2][-]{subsection.4.5.5}{\376\377\000D\000\351\000t\000a\000i\000l\000s\000\040\000d\000'\000u\000n\000\040\000p\000r\000o\000d\000u\000i\000t}{section.4.5}% 88
\BOOKMARK [2][-]{subsection.4.5.6}{\376\377\000P\000a\000n\000i\000e\000r\000\040\000d\000'\000a\000c\000h\000a\000t}{section.4.5}% 89
\BOOKMARK [2][-]{subsection.4.5.7}{\376\377\000L\000i\000s\000t\000e\000\040\000d\000e\000s\000\040\000c\000o\000m\000m\000a\000n\000d\000e\000s}{section.4.5}% 90
\BOOKMARK [2][-]{subsection.4.5.8}{\376\377\000D\000\351\000t\000a\000i\000l\000s\000\040\000d\000'\000u\000n\000e\000\040\000c\000o\000m\000m\000a\000n\000d\000e}{section.4.5}% 91
\BOOKMARK [1][-]{section.4.6}{\376\377\000T\000e\000s\000t\000s\000\040\000e\000t\000\040\000v\000a\000l\000i\000d\000a\000t\000i\000o\000n}{chapter.4}% 92
\BOOKMARK [2][-]{subsection.4.6.1}{\376\377\000T\000e\000s\000t\000s\000\040\000u\000n\000i\000t\000a\000i\000r\000e\000s}{section.4.6}% 93
\BOOKMARK [2][-]{subsection.4.6.2}{\376\377\000T\000e\000s\000t\000s\000\040\000d\000'\000i\000n\000t\000\351\000g\000r\000a\000t\000i\000o\000n}{section.4.6}% 94
\BOOKMARK [2][-]{subsection.4.6.3}{\376\377\000T\000e\000s\000t\000s\000\040\000f\000o\000n\000c\000t\000i\000o\000n\000n\000e\000l\000s}{section.4.6}% 95
\BOOKMARK [2][-]{subsection.4.6.4}{\376\377\000T\000e\000s\000t\000s\000\040\000d\000e\000\040\000p\000e\000r\000f\000o\000r\000m\000a\000n\000c\000e}{section.4.6}% 96
\BOOKMARK [2][-]{subsection.4.6.5}{\376\377\000T\000e\000s\000t\000s\000\040\000d\000e\000\040\000s\000\351\000c\000u\000r\000i\000t\000\351}{section.4.6}% 97
\BOOKMARK [1][-]{section.4.7}{\376\377\000D\000\351\000p\000l\000o\000i\000e\000m\000e\000n\000t}{chapter.4}% 98
\BOOKMARK [2][-]{subsection.4.7.1}{\376\377\000D\000\351\000p\000l\000o\000i\000e\000m\000e\000n\000t\000\040\000l\000o\000c\000a\000l\000\040\000a\000v\000e\000c\000\040\000D\000o\000c\000k\000e\000r\000\040\000C\000o\000m\000p\000o\000s\000e}{section.4.7}% 99
\BOOKMARK [2][-]{subsection.4.7.2}{\376\377\000V\000\351\000r\000i\000f\000i\000c\000a\000t\000i\000o\000n\000\040\000d\000u\000\040\000d\000\351\000p\000l\000o\000i\000e\000m\000e\000n\000t}{section.4.7}% 100
\BOOKMARK [2][-]{subsection.4.7.3}{\376\377\000M\000o\000n\000i\000t\000o\000r\000i\000n\000g\000\040\000a\000v\000e\000c\000\040\000P\000r\000o\000m\000e\000t\000h\000e\000u\000s\000\040\000e\000t\000\040\000G\000r\000a\000f\000a\000n\000a}{section.4.7}% 101
\BOOKMARK [1][-]{section.4.8}{\376\377\000D\000i\000f\000f\000i\000c\000u\000l\000t\000\351\000s\000\040\000r\000e\000n\000c\000o\000n\000t\000r\000\351\000e\000s\000\040\000e\000t\000\040\000s\000o\000l\000u\000t\000i\000o\000n\000s}{chapter.4}% 102
\BOOKMARK [2][-]{subsection.4.8.1}{\376\377\000C\000o\000m\000m\000u\000n\000i\000c\000a\000t\000i\000o\000n\000\040\000i\000n\000t\000e\000r\000-\000s\000e\000r\000v\000i\000c\000e\000s}{section.4.8}% 103
\BOOKMARK [2][-]{subsection.4.8.2}{\376\377\000C\000o\000n\000f\000i\000g\000u\000r\000a\000t\000i\000o\000n\000\040\000C\000O\000R\000S}{section.4.8}% 104
\BOOKMARK [2][-]{subsection.4.8.3}{\376\377\000G\000e\000s\000t\000i\000o\000n\000\040\000d\000u\000\040\000s\000t\000o\000c\000k}{section.4.8}% 105
\BOOKMARK [1][-]{section.4.9}{\376\377\000C\000o\000n\000c\000l\000u\000s\000i\000o\000n}{chapter.4}% 106
\BOOKMARK [0][-]{chapter*.27}{\376\377\000C\000o\000n\000c\000l\000u\000s\000i\000o\000n\000\040\000e\000t\000\040\000P\000e\000r\000s\000p\000e\000c\000t\000i\000v\000e\000s}{}% 107
\BOOKMARK [1][-]{section*.28}{\376\377\000S\000y\000n\000t\000h\000\350\000s\000e\000\040\000d\000u\000\040\000t\000r\000a\000v\000a\000i\000l\000\040\000r\000\351\000a\000l\000i\000s\000\351}{chapter*.27}% 108
\BOOKMARK [1][-]{Item.98}{\376\377\000C\000o\000m\000p\000\351\000t\000e\000n\000c\000e\000s\000\040\000a\000c\000q\000u\000i\000s\000e\000s}{chapter*.27}% 109
\BOOKMARK [1][-]{Item.98}{\376\377\000P\000e\000r\000s\000p\000e\000c\000t\000i\000v\000e\000s\000\040\000d\000'\000\351\000v\000o\000l\000u\000t\000i\000o\000n}{chapter*.27}% 110
\BOOKMARK [1][-]{Item.98}{\376\377\000C\000o\000n\000c\000l\000u\000s\000i\000o\000n\000\040\000f\000i\000n\000a\000l\000e}{chapter*.27}% 111
\BOOKMARK [0][-]{chapter*.29}{\376\377\000R\000\351\000f\000\351\000r\000e\000n\000c\000e\000s\000\040\000B\000i\000b\000l\000i\000o\000g\000r\000a\000p\000h\000i\000q\000u\000e\000s}{}% 112
